!SESSION 2010-08-24 20:00:01.603 -----------------------------------------------
eclipse.buildId=unknown
java.version=1.6.0_20
java.vendor=Apple Inc.
BootLoader constants: OS=macosx, ARCH=x86_64, WS=cocoa, NL=en_US
Command-line arguments:  -console

!ENTRY customerservice 4 0 2010-08-24 20:00:02.605
!MESSAGE 
!STACK 0
java.util.zip.ZipException: Exception in opening zip file: /Users/kirk/development/apps/poma/publishedinterface/enforcedwithosgi/equinox/configuration/org.eclipse.osgi/bundles/50/2/bundlefile
	at org.eclipse.osgi.framework.util.SecureAction.getZipFile(SecureAction.java:264)
	at org.eclipse.osgi.baseadaptor.bundlefile.ZipBundleFile.basicOpen(ZipBundleFile.java:88)
	at org.eclipse.osgi.baseadaptor.bundlefile.ZipBundleFile.getZipFile(ZipBundleFile.java:101)
	at org.eclipse.osgi.baseadaptor.bundlefile.ZipBundleFile.checkedOpen(ZipBundleFile.java:74)
	at org.eclipse.osgi.baseadaptor.bundlefile.ZipBundleFile.getEntry(ZipBundleFile.java:246)
	at org.eclipse.osgi.baseadaptor.BaseData.getEntry0(BaseData.java:111)
	at org.eclipse.osgi.baseadaptor.BaseData.getEntry(BaseData.java:102)
	at org.eclipse.osgi.internal.baseadaptor.AdaptorUtil.loadManifestFrom(AdaptorUtil.java:187)
	at org.eclipse.core.runtime.internal.adaptor.EclipseStorageHook.getGeneratedManifest0(EclipseStorageHook.java:406)
	at org.eclipse.core.runtime.internal.adaptor.EclipseStorageHook.getGeneratedManifest(EclipseStorageHook.java:393)
	at org.eclipse.core.runtime.internal.adaptor.EclipseStorageHook.createCachedManifest(EclipseStorageHook.java:388)
	at org.eclipse.core.runtime.internal.adaptor.CachedManifest.getManifest(CachedManifest.java:42)
	at org.eclipse.core.runtime.internal.adaptor.CachedManifest.get(CachedManifest.java:142)
	at org.eclipse.osgi.framework.internal.core.ManifestLocalization.getResourceBundle(ManifestLocalization.java:95)
	at org.eclipse.osgi.framework.internal.core.ManifestLocalization.getHeaders(ManifestLocalization.java:53)
	at org.eclipse.osgi.framework.internal.core.AbstractBundle.getHeaders(AbstractBundle.java:954)
	at org.eclipse.osgi.framework.internal.core.AbstractBundle.getHeaders(AbstractBundle.java:901)
	at org.springframework.osgi.extender.internal.util.ConfigUtils.matchExtenderVersionRange(ConfigUtils.java:119)
	at org.springframework.osgi.extender.internal.ContextLoaderListener.handlerBundleMatchesExtenderVersion(ContextLoaderListener.java:562)
	at org.springframework.osgi.extender.internal.ContextLoaderListener.maybeAddNamespaceHandlerFor(ContextLoaderListener.java:575)
	at org.springframework.osgi.extender.internal.ContextLoaderListener.start(ContextLoaderListener.java:356)
	at org.eclipse.osgi.framework.internal.core.BundleContextImpl$1.run(BundleContextImpl.java:783)
	at java.security.AccessController.doPrivileged(Native Method)
	at org.eclipse.osgi.framework.internal.core.BundleContextImpl.startActivator(BundleContextImpl.java:774)
	at org.eclipse.osgi.framework.internal.core.BundleContextImpl.start(BundleContextImpl.java:755)
	at org.eclipse.osgi.framework.internal.core.BundleHost.startWorker(BundleHost.java:370)
	at org.eclipse.osgi.framework.internal.core.AbstractBundle.resume(AbstractBundle.java:374)
	at org.eclipse.osgi.framework.internal.core.Framework.resumeBundle(Framework.java:1067)
	at org.eclipse.osgi.framework.internal.core.StartLevelManager.resumeBundles(StartLevelManager.java:561)
	at org.eclipse.osgi.framework.internal.core.StartLevelManager.resumeBundles(StartLevelManager.java:546)
	at org.eclipse.osgi.framework.internal.core.StartLevelManager.incFWSL(StartLevelManager.java:459)
	at org.eclipse.osgi.framework.internal.core.StartLevelManager.doSetStartLevel(StartLevelManager.java:243)
	at org.eclipse.osgi.framework.internal.core.StartLevelManager.dispatchEvent(StartLevelManager.java:440)
	at org.eclipse.osgi.framework.eventmgr.EventManager.dispatchEvent(EventManager.java:227)
	at org.eclipse.osgi.framework.eventmgr.EventManager$EventThread.run(EventManager.java:337)
Caused by: java.util.zip.ZipException: error in opening zip file
	at java.util.zip.ZipFile.open(Native Method)
	at java.util.zip.ZipFile.<init>(ZipFile.java:114)
	at java.util.zip.ZipFile.<init>(ZipFile.java:131)
	at org.eclipse.osgi.framework.util.SecureAction.getZipFile(SecureAction.java:251)
	... 34 more

!ENTRY org.eclipse.osgi 4 0 2010-08-24 20:00:02.613
!MESSAGE Unexpected exception occurred loading manifest for bundle at the location: file:../bin/customer.jar.
!STACK 0
org.osgi.framework.BundleException: Error converting plugin at /Users/kirk/development/apps/poma/publishedinterface/enforcedwithosgi/equinox/configuration/org.eclipse.osgi/bundles/50/2/bundlefile.
	at org.eclipse.core.runtime.internal.adaptor.EclipseStorageHook.generateManifest(EclipseStorageHook.java:446)
	at org.eclipse.core.runtime.internal.adaptor.EclipseStorageHook.getGeneratedManifest0(EclipseStorageHook.java:423)
	at org.eclipse.core.runtime.internal.adaptor.EclipseStorageHook.getGeneratedManifest(EclipseStorageHook.java:393)
	at org.eclipse.core.runtime.internal.adaptor.EclipseStorageHook.createCachedManifest(EclipseStorageHook.java:388)
	at org.eclipse.core.runtime.internal.adaptor.CachedManifest.getManifest(CachedManifest.java:42)
	at org.eclipse.core.runtime.internal.adaptor.CachedManifest.get(CachedManifest.java:142)
	at org.eclipse.osgi.framework.internal.core.ManifestLocalization.getResourceBundle(ManifestLocalization.java:95)
	at org.eclipse.osgi.framework.internal.core.ManifestLocalization.getHeaders(ManifestLocalization.java:53)
	at org.eclipse.osgi.framework.internal.core.AbstractBundle.getHeaders(AbstractBundle.java:954)
	at org.eclipse.osgi.framework.internal.core.AbstractBundle.getHeaders(AbstractBundle.java:901)
	at org.springframework.osgi.extender.internal.util.ConfigUtils.matchExtenderVersionRange(ConfigUtils.java:119)
	at org.springframework.osgi.extender.internal.ContextLoaderListener.handlerBundleMatchesExtenderVersion(ContextLoaderListener.java:562)
	at org.springframework.osgi.extender.internal.ContextLoaderListener.maybeAddNamespaceHandlerFor(ContextLoaderListener.java:575)
	at org.springframework.osgi.extender.internal.ContextLoaderListener.start(ContextLoaderListener.java:356)
	at org.eclipse.osgi.framework.internal.core.BundleContextImpl$1.run(BundleContextImpl.java:783)
	at java.security.AccessController.doPrivileged(Native Method)
	at org.eclipse.osgi.framework.internal.core.BundleContextImpl.startActivator(BundleContextImpl.java:774)
	at org.eclipse.osgi.framework.internal.core.BundleContextImpl.start(BundleContextImpl.java:755)
	at org.eclipse.osgi.framework.internal.core.BundleHost.startWorker(BundleHost.java:370)
	at org.eclipse.osgi.framework.internal.core.AbstractBundle.resume(AbstractBundle.java:374)
	at org.eclipse.osgi.framework.internal.core.Framework.resumeBundle(Framework.java:1067)
	at org.eclipse.osgi.framework.internal.core.StartLevelManager.resumeBundles(StartLevelManager.java:561)
	at org.eclipse.osgi.framework.internal.core.StartLevelManager.resumeBundles(StartLevelManager.java:546)
	at org.eclipse.osgi.framework.internal.core.StartLevelManager.incFWSL(StartLevelManager.java:459)
	at org.eclipse.osgi.framework.internal.core.StartLevelManager.doSetStartLevel(StartLevelManager.java:243)
	at org.eclipse.osgi.framework.internal.core.StartLevelManager.dispatchEvent(StartLevelManager.java:440)
	at org.eclipse.osgi.framework.eventmgr.EventManager.dispatchEvent(EventManager.java:227)
	at org.eclipse.osgi.framework.eventmgr.EventManager$EventThread.run(EventManager.java:337)
Caused by: org.eclipse.osgi.service.pluginconversion.PluginConversionException: Could not find a META-INF/MANIFEST.MF, plugin.xml or a fragment.xml in /Users/kirk/development/apps/poma/publishedinterface/enforcedwithosgi/equinox/configuration/org.eclipse.osgi/bundles/50/2/bundlefile.
	at org.eclipse.core.runtime.internal.adaptor.PluginConverterImpl.fillPluginInfo(PluginConverterImpl.java:110)
	at org.eclipse.core.runtime.internal.adaptor.PluginConverterImpl.convertManifest(PluginConverterImpl.java:711)
	at org.eclipse.core.runtime.internal.adaptor.EclipseStorageHook.generateManifest(EclipseStorageHook.java:443)
	... 27 more
Caused by: java.util.zip.ZipException: error in opening zip file
	at java.util.zip.ZipFile.open(Native Method)
	at java.util.zip.ZipFile.<init>(ZipFile.java:114)
	at java.util.zip.ZipFile.<init>(ZipFile.java:131)
	at org.eclipse.core.runtime.internal.adaptor.PluginConverterImpl.findPluginManifest(PluginConverterImpl.java:179)
	at org.eclipse.core.runtime.internal.adaptor.PluginConverterImpl.fillPluginInfo(PluginConverterImpl.java:108)
	... 29 more
Root exception:
org.eclipse.osgi.service.pluginconversion.PluginConversionException: Could not find a META-INF/MANIFEST.MF, plugin.xml or a fragment.xml in /Users/kirk/development/apps/poma/publishedinterface/enforcedwithosgi/equinox/configuration/org.eclipse.osgi/bundles/50/2/bundlefile.
	at org.eclipse.core.runtime.internal.adaptor.PluginConverterImpl.fillPluginInfo(PluginConverterImpl.java:110)
	at org.eclipse.core.runtime.internal.adaptor.PluginConverterImpl.convertManifest(PluginConverterImpl.java:711)
	at org.eclipse.core.runtime.internal.adaptor.EclipseStorageHook.generateManifest(EclipseStorageHook.java:443)
	at org.eclipse.core.runtime.internal.adaptor.EclipseStorageHook.getGeneratedManifest0(EclipseStorageHook.java:423)
	at org.eclipse.core.runtime.internal.adaptor.EclipseStorageHook.getGeneratedManifest(EclipseStorageHook.java:393)
	at org.eclipse.core.runtime.internal.adaptor.EclipseStorageHook.createCachedManifest(EclipseStorageHook.java:388)
	at org.eclipse.core.runtime.internal.adaptor.CachedManifest.getManifest(CachedManifest.java:42)
	at org.eclipse.core.runtime.internal.adaptor.CachedManifest.get(CachedManifest.java:142)
	at org.eclipse.osgi.framework.internal.core.ManifestLocalization.getResourceBundle(ManifestLocalization.java:95)
	at org.eclipse.osgi.framework.internal.core.ManifestLocalization.getHeaders(ManifestLocalization.java:53)
	at org.eclipse.osgi.framework.internal.core.AbstractBundle.getHeaders(AbstractBundle.java:954)
	at org.eclipse.osgi.framework.internal.core.AbstractBundle.getHeaders(AbstractBundle.java:901)
	at org.springframework.osgi.extender.internal.util.ConfigUtils.matchExtenderVersionRange(ConfigUtils.java:119)
	at org.springframework.osgi.extender.internal.ContextLoaderListener.handlerBundleMatchesExtenderVersion(ContextLoaderListener.java:562)
	at org.springframework.osgi.extender.internal.ContextLoaderListener.maybeAddNamespaceHandlerFor(ContextLoaderListener.java:575)
	at org.springframework.osgi.extender.internal.ContextLoaderListener.start(ContextLoaderListener.java:356)
	at org.eclipse.osgi.framework.internal.core.BundleContextImpl$1.run(BundleContextImpl.java:783)
	at java.security.AccessController.doPrivileged(Native Method)
	at org.eclipse.osgi.framework.internal.core.BundleContextImpl.startActivator(BundleContextImpl.java:774)
	at org.eclipse.osgi.framework.internal.core.BundleContextImpl.start(BundleContextImpl.java:755)
	at org.eclipse.osgi.framework.internal.core.BundleHost.startWorker(BundleHost.java:370)
	at org.eclipse.osgi.framework.internal.core.AbstractBundle.resume(AbstractBundle.java:374)
	at org.eclipse.osgi.framework.internal.core.Framework.resumeBundle(Framework.java:1067)
	at org.eclipse.osgi.framework.internal.core.StartLevelManager.resumeBundles(StartLevelManager.java:561)
	at org.eclipse.osgi.framework.internal.core.StartLevelManager.resumeBundles(StartLevelManager.java:546)
	at org.eclipse.osgi.framework.internal.core.StartLevelManager.incFWSL(StartLevelManager.java:459)
	at org.eclipse.osgi.framework.internal.core.StartLevelManager.doSetStartLevel(StartLevelManager.java:243)
	at org.eclipse.osgi.framework.internal.core.StartLevelManager.dispatchEvent(StartLevelManager.java:440)
	at org.eclipse.osgi.framework.eventmgr.EventManager.dispatchEvent(EventManager.java:227)
	at org.eclipse.osgi.framework.eventmgr.EventManager$EventThread.run(EventManager.java:337)
Caused by: java.util.zip.ZipException: error in opening zip file
	at java.util.zip.ZipFile.open(Native Method)
	at java.util.zip.ZipFile.<init>(ZipFile.java:114)
	at java.util.zip.ZipFile.<init>(ZipFile.java:131)
	at org.eclipse.core.runtime.internal.adaptor.PluginConverterImpl.findPluginManifest(PluginConverterImpl.java:179)
	at org.eclipse.core.runtime.internal.adaptor.PluginConverterImpl.fillPluginInfo(PluginConverterImpl.java:108)
	... 29 more

!ENTRY customerservice 4 0 2010-08-24 20:00:02.615
!MESSAGE 
!STACK 0
java.util.zip.ZipException: Exception in opening zip file: /Users/kirk/development/apps/poma/publishedinterface/enforcedwithosgi/equinox/configuration/org.eclipse.osgi/bundles/50/2/bundlefile
	at org.eclipse.osgi.framework.util.SecureAction.getZipFile(SecureAction.java:264)
	at org.eclipse.osgi.baseadaptor.bundlefile.ZipBundleFile.basicOpen(ZipBundleFile.java:88)
	at org.eclipse.osgi.baseadaptor.bundlefile.ZipBundleFile.getZipFile(ZipBundleFile.java:101)
	at org.eclipse.osgi.baseadaptor.bundlefile.ZipBundleFile.checkedOpen(ZipBundleFile.java:74)
	at org.eclipse.osgi.baseadaptor.bundlefile.ZipBundleFile.getEntry(ZipBundleFile.java:246)
	at org.eclipse.osgi.baseadaptor.BaseData.getEntry0(BaseData.java:111)
	at org.eclipse.osgi.baseadaptor.BaseData.getEntry(BaseData.java:102)
	at org.eclipse.osgi.framework.internal.core.AbstractBundle.getEntry0(AbstractBundle.java:1236)
	at org.eclipse.osgi.framework.internal.core.ManifestLocalization.findInResolved(ManifestLocalization.java:155)
	at org.eclipse.osgi.framework.internal.core.ManifestLocalization.findResource(ManifestLocalization.java:149)
	at org.eclipse.osgi.framework.internal.core.ManifestLocalization.getResourceBundle(ManifestLocalization.java:107)
	at org.eclipse.osgi.framework.internal.core.ManifestLocalization.getHeaders(ManifestLocalization.java:53)
	at org.eclipse.osgi.framework.internal.core.AbstractBundle.getHeaders(AbstractBundle.java:954)
	at org.eclipse.osgi.framework.internal.core.AbstractBundle.getHeaders(AbstractBundle.java:901)
	at org.springframework.osgi.extender.internal.util.ConfigUtils.matchExtenderVersionRange(ConfigUtils.java:119)
	at org.springframework.osgi.extender.internal.ContextLoaderListener.handlerBundleMatchesExtenderVersion(ContextLoaderListener.java:562)
	at org.springframework.osgi.extender.internal.ContextLoaderListener.maybeAddNamespaceHandlerFor(ContextLoaderListener.java:575)
	at org.springframework.osgi.extender.internal.ContextLoaderListener.start(ContextLoaderListener.java:356)
	at org.eclipse.osgi.framework.internal.core.BundleContextImpl$1.run(BundleContextImpl.java:783)
	at java.security.AccessController.doPrivileged(Native Method)
	at org.eclipse.osgi.framework.internal.core.BundleContextImpl.startActivator(BundleContextImpl.java:774)
	at org.eclipse.osgi.framework.internal.core.BundleContextImpl.start(BundleContextImpl.java:755)
	at org.eclipse.osgi.framework.internal.core.BundleHost.startWorker(BundleHost.java:370)
	at org.eclipse.osgi.framework.internal.core.AbstractBundle.resume(AbstractBundle.java:374)
	at org.eclipse.osgi.framework.internal.core.Framework.resumeBundle(Framework.java:1067)
	at org.eclipse.osgi.framework.internal.core.StartLevelManager.resumeBundles(StartLevelManager.java:561)
	at org.eclipse.osgi.framework.internal.core.StartLevelManager.resumeBundles(StartLevelManager.java:546)
	at org.eclipse.osgi.framework.internal.core.StartLevelManager.incFWSL(StartLevelManager.java:459)
	at org.eclipse.osgi.framework.internal.core.StartLevelManager.doSetStartLevel(StartLevelManager.java:243)
	at org.eclipse.osgi.framework.internal.core.StartLevelManager.dispatchEvent(StartLevelManager.java:440)
	at org.eclipse.osgi.framework.eventmgr.EventManager.dispatchEvent(EventManager.java:227)
	at org.eclipse.osgi.framework.eventmgr.EventManager$EventThread.run(EventManager.java:337)
Caused by: java.util.zip.ZipException: error in opening zip file
	at java.util.zip.ZipFile.open(Native Method)
	at java.util.zip.ZipFile.<init>(ZipFile.java:114)
	at java.util.zip.ZipFile.<init>(ZipFile.java:131)
	at org.eclipse.osgi.framework.util.SecureAction.getZipFile(SecureAction.java:251)
	... 31 more

!ENTRY customerservice 4 0 2010-08-24 20:00:02.615
!MESSAGE 
!STACK 0
java.util.zip.ZipException: Exception in opening zip file: /Users/kirk/development/apps/poma/publishedinterface/enforcedwithosgi/equinox/configuration/org.eclipse.osgi/bundles/50/2/bundlefile
	at org.eclipse.osgi.framework.util.SecureAction.getZipFile(SecureAction.java:264)
	at org.eclipse.osgi.baseadaptor.bundlefile.ZipBundleFile.basicOpen(ZipBundleFile.java:88)
	at org.eclipse.osgi.baseadaptor.bundlefile.ZipBundleFile.getZipFile(ZipBundleFile.java:101)
	at org.eclipse.osgi.baseadaptor.bundlefile.ZipBundleFile.checkedOpen(ZipBundleFile.java:74)
	at org.eclipse.osgi.baseadaptor.bundlefile.ZipBundleFile.getEntry(ZipBundleFile.java:246)
	at org.eclipse.osgi.baseadaptor.BaseData.getEntry0(BaseData.java:111)
	at org.eclipse.osgi.baseadaptor.BaseData.getEntry(BaseData.java:102)
	at org.eclipse.osgi.framework.internal.core.AbstractBundle.getEntry0(AbstractBundle.java:1236)
	at org.eclipse.osgi.framework.internal.core.ManifestLocalization.findInResolved(ManifestLocalization.java:155)
	at org.eclipse.osgi.framework.internal.core.ManifestLocalization.findResource(ManifestLocalization.java:149)
	at org.eclipse.osgi.framework.internal.core.ManifestLocalization.getResourceBundle(ManifestLocalization.java:107)
	at org.eclipse.osgi.framework.internal.core.ManifestLocalization.getHeaders(ManifestLocalization.java:53)
	at org.eclipse.osgi.framework.internal.core.AbstractBundle.getHeaders(AbstractBundle.java:954)
	at org.eclipse.osgi.framework.internal.core.AbstractBundle.getHeaders(AbstractBundle.java:901)
	at org.springframework.osgi.extender.internal.util.ConfigUtils.matchExtenderVersionRange(ConfigUtils.java:119)
	at org.springframework.osgi.extender.internal.ContextLoaderListener.handlerBundleMatchesExtenderVersion(ContextLoaderListener.java:562)
	at org.springframework.osgi.extender.internal.ContextLoaderListener.maybeAddNamespaceHandlerFor(ContextLoaderListener.java:575)
	at org.springframework.osgi.extender.internal.ContextLoaderListener.start(ContextLoaderListener.java:356)
	at org.eclipse.osgi.framework.internal.core.BundleContextImpl$1.run(BundleContextImpl.java:783)
	at java.security.AccessController.doPrivileged(Native Method)
	at org.eclipse.osgi.framework.internal.core.BundleContextImpl.startActivator(BundleContextImpl.java:774)
	at org.eclipse.osgi.framework.internal.core.BundleContextImpl.start(BundleContextImpl.java:755)
	at org.eclipse.osgi.framework.internal.core.BundleHost.startWorker(BundleHost.java:370)
	at org.eclipse.osgi.framework.internal.core.AbstractBundle.resume(AbstractBundle.java:374)
	at org.eclipse.osgi.framework.internal.core.Framework.resumeBundle(Framework.java:1067)
	at org.eclipse.osgi.framework.internal.core.StartLevelManager.resumeBundles(StartLevelManager.java:561)
	at org.eclipse.osgi.framework.internal.core.StartLevelManager.resumeBundles(StartLevelManager.java:546)
	at org.eclipse.osgi.framework.internal.core.StartLevelManager.incFWSL(StartLevelManager.java:459)
	at org.eclipse.osgi.framework.internal.core.StartLevelManager.doSetStartLevel(StartLevelManager.java:243)
	at org.eclipse.osgi.framework.internal.core.StartLevelManager.dispatchEvent(StartLevelManager.java:440)
	at org.eclipse.osgi.framework.eventmgr.EventManager.dispatchEvent(EventManager.java:227)
	at org.eclipse.osgi.framework.eventmgr.EventManager$EventThread.run(EventManager.java:337)
Caused by: java.util.zip.ZipException: error in opening zip file
	at java.util.zip.ZipFile.open(Native Method)
	at java.util.zip.ZipFile.<init>(ZipFile.java:114)
	at java.util.zip.ZipFile.<init>(ZipFile.java:131)
	at org.eclipse.osgi.framework.util.SecureAction.getZipFile(SecureAction.java:251)
	... 31 more

!ENTRY customerservice 4 0 2010-08-24 20:00:02.617
!MESSAGE 
!STACK 0
java.util.zip.ZipException: Exception in opening zip file: /Users/kirk/development/apps/poma/publishedinterface/enforcedwithosgi/equinox/configuration/org.eclipse.osgi/bundles/50/2/bundlefile
	at org.eclipse.osgi.framework.util.SecureAction.getZipFile(SecureAction.java:264)
	at org.eclipse.osgi.baseadaptor.bundlefile.ZipBundleFile.basicOpen(ZipBundleFile.java:88)
	at org.eclipse.osgi.baseadaptor.bundlefile.ZipBundleFile.getZipFile(ZipBundleFile.java:101)
	at org.eclipse.osgi.baseadaptor.bundlefile.ZipBundleFile.checkedOpen(ZipBundleFile.java:74)
	at org.eclipse.osgi.baseadaptor.bundlefile.ZipBundleFile.getEntry(ZipBundleFile.java:246)
	at org.eclipse.osgi.baseadaptor.BaseData.getEntry0(BaseData.java:111)
	at org.eclipse.osgi.baseadaptor.BaseData.getEntry(BaseData.java:102)
	at org.eclipse.osgi.framework.internal.core.AbstractBundle.getEntry0(AbstractBundle.java:1236)
	at org.eclipse.osgi.framework.internal.core.ManifestLocalization.findInResolved(ManifestLocalization.java:155)
	at org.eclipse.osgi.framework.internal.core.ManifestLocalization.findResource(ManifestLocalization.java:149)
	at org.eclipse.osgi.framework.internal.core.ManifestLocalization.getResourceBundle(ManifestLocalization.java:107)
	at org.eclipse.osgi.framework.internal.core.ManifestLocalization.getHeaders(ManifestLocalization.java:53)
	at org.eclipse.osgi.framework.internal.core.AbstractBundle.getHeaders(AbstractBundle.java:954)
	at org.eclipse.osgi.framework.internal.core.AbstractBundle.getHeaders(AbstractBundle.java:901)
	at org.springframework.osgi.extender.internal.util.ConfigUtils.matchExtenderVersionRange(ConfigUtils.java:119)
	at org.springframework.osgi.extender.internal.ContextLoaderListener.handlerBundleMatchesExtenderVersion(ContextLoaderListener.java:562)
	at org.springframework.osgi.extender.internal.ContextLoaderListener.maybeAddNamespaceHandlerFor(ContextLoaderListener.java:575)
	at org.springframework.osgi.extender.internal.ContextLoaderListener.start(ContextLoaderListener.java:356)
	at org.eclipse.osgi.framework.internal.core.BundleContextImpl$1.run(BundleContextImpl.java:783)
	at java.security.AccessController.doPrivileged(Native Method)
	at org.eclipse.osgi.framework.internal.core.BundleContextImpl.startActivator(BundleContextImpl.java:774)
	at org.eclipse.osgi.framework.internal.core.BundleContextImpl.start(BundleContextImpl.java:755)
	at org.eclipse.osgi.framework.internal.core.BundleHost.startWorker(BundleHost.java:370)
	at org.eclipse.osgi.framework.internal.core.AbstractBundle.resume(AbstractBundle.java:374)
	at org.eclipse.osgi.framework.internal.core.Framework.resumeBundle(Framework.java:1067)
	at org.eclipse.osgi.framework.internal.core.StartLevelManager.resumeBundles(StartLevelManager.java:561)
	at org.eclipse.osgi.framework.internal.core.StartLevelManager.resumeBundles(StartLevelManager.java:546)
	at org.eclipse.osgi.framework.internal.core.StartLevelManager.incFWSL(StartLevelManager.java:459)
	at org.eclipse.osgi.framework.internal.core.StartLevelManager.doSetStartLevel(StartLevelManager.java:243)
	at org.eclipse.osgi.framework.internal.core.StartLevelManager.dispatchEvent(StartLevelManager.java:440)
	at org.eclipse.osgi.framework.eventmgr.EventManager.dispatchEvent(EventManager.java:227)
	at org.eclipse.osgi.framework.eventmgr.EventManager$EventThread.run(EventManager.java:337)
Caused by: java.util.zip.ZipException: error in opening zip file
	at java.util.zip.ZipFile.open(Native Method)
	at java.util.zip.ZipFile.<init>(ZipFile.java:114)
	at java.util.zip.ZipFile.<init>(ZipFile.java:131)
	at org.eclipse.osgi.framework.util.SecureAction.getZipFile(SecureAction.java:251)
	... 31 more

!ENTRY customerservice 4 0 2010-08-24 20:00:02.618
!MESSAGE 
!STACK 0
java.util.zip.ZipException: Exception in opening zip file: /Users/kirk/development/apps/poma/publishedinterface/enforcedwithosgi/equinox/configuration/org.eclipse.osgi/bundles/50/2/bundlefile
	at org.eclipse.osgi.framework.util.SecureAction.getZipFile(SecureAction.java:264)
	at org.eclipse.osgi.baseadaptor.bundlefile.ZipBundleFile.basicOpen(ZipBundleFile.java:88)
	at org.eclipse.osgi.baseadaptor.bundlefile.ZipBundleFile.getZipFile(ZipBundleFile.java:101)
	at org.eclipse.osgi.baseadaptor.bundlefile.ZipBundleFile.checkedOpen(ZipBundleFile.java:74)
	at org.eclipse.osgi.baseadaptor.bundlefile.ZipBundleFile.getEntry(ZipBundleFile.java:246)
	at org.eclipse.osgi.baseadaptor.BaseData.getEntry0(BaseData.java:111)
	at org.eclipse.osgi.baseadaptor.BaseData.getEntry(BaseData.java:102)
	at org.eclipse.osgi.internal.baseadaptor.AdaptorUtil.loadManifestFrom(AdaptorUtil.java:187)
	at org.eclipse.core.runtime.internal.adaptor.EclipseStorageHook.getGeneratedManifest0(EclipseStorageHook.java:406)
	at org.eclipse.core.runtime.internal.adaptor.EclipseStorageHook.getGeneratedManifest(EclipseStorageHook.java:393)
	at org.eclipse.core.runtime.internal.adaptor.EclipseStorageHook.createCachedManifest(EclipseStorageHook.java:388)
	at org.eclipse.core.runtime.internal.adaptor.CachedManifest.getManifest(CachedManifest.java:42)
	at org.eclipse.core.runtime.internal.adaptor.CachedManifest.keys(CachedManifest.java:71)
	at org.eclipse.osgi.framework.internal.core.ManifestLocalization.getHeaders(ManifestLocalization.java:57)
	at org.eclipse.osgi.framework.internal.core.AbstractBundle.getHeaders(AbstractBundle.java:954)
	at org.eclipse.osgi.framework.internal.core.AbstractBundle.getHeaders(AbstractBundle.java:901)
	at org.springframework.osgi.extender.internal.util.ConfigUtils.matchExtenderVersionRange(ConfigUtils.java:119)
	at org.springframework.osgi.extender.internal.ContextLoaderListener.handlerBundleMatchesExtenderVersion(ContextLoaderListener.java:562)
	at org.springframework.osgi.extender.internal.ContextLoaderListener.maybeAddNamespaceHandlerFor(ContextLoaderListener.java:575)
	at org.springframework.osgi.extender.internal.ContextLoaderListener.start(ContextLoaderListener.java:356)
	at org.eclipse.osgi.framework.internal.core.BundleContextImpl$1.run(BundleContextImpl.java:783)
	at java.security.AccessController.doPrivileged(Native Method)
	at org.eclipse.osgi.framework.internal.core.BundleContextImpl.startActivator(BundleContextImpl.java:774)
	at org.eclipse.osgi.framework.internal.core.BundleContextImpl.start(BundleContextImpl.java:755)
	at org.eclipse.osgi.framework.internal.core.BundleHost.startWorker(BundleHost.java:370)
	at org.eclipse.osgi.framework.internal.core.AbstractBundle.resume(AbstractBundle.java:374)
	at org.eclipse.osgi.framework.internal.core.Framework.resumeBundle(Framework.java:1067)
	at org.eclipse.osgi.framework.internal.core.StartLevelManager.resumeBundles(StartLevelManager.java:561)
	at org.eclipse.osgi.framework.internal.core.StartLevelManager.resumeBundles(StartLevelManager.java:546)
	at org.eclipse.osgi.framework.internal.core.StartLevelManager.incFWSL(StartLevelManager.java:459)
	at org.eclipse.osgi.framework.internal.core.StartLevelManager.doSetStartLevel(StartLevelManager.java:243)
	at org.eclipse.osgi.framework.internal.core.StartLevelManager.dispatchEvent(StartLevelManager.java:440)
	at org.eclipse.osgi.framework.eventmgr.EventManager.dispatchEvent(EventManager.java:227)
	at org.eclipse.osgi.framework.eventmgr.EventManager$EventThread.run(EventManager.java:337)
Caused by: java.util.zip.ZipException: error in opening zip file
	at java.util.zip.ZipFile.open(Native Method)
	at java.util.zip.ZipFile.<init>(ZipFile.java:114)
	at java.util.zip.ZipFile.<init>(ZipFile.java:131)
	at org.eclipse.osgi.framework.util.SecureAction.getZipFile(SecureAction.java:251)
	... 33 more

!ENTRY org.eclipse.osgi 4 0 2010-08-24 20:00:02.619
!MESSAGE Unexpected exception occurred loading manifest for bundle at the location: file:../bin/customer.jar.
!STACK 0
org.osgi.framework.BundleException: Error converting plugin at /Users/kirk/development/apps/poma/publishedinterface/enforcedwithosgi/equinox/configuration/org.eclipse.osgi/bundles/50/2/bundlefile.
	at org.eclipse.core.runtime.internal.adaptor.EclipseStorageHook.generateManifest(EclipseStorageHook.java:446)
	at org.eclipse.core.runtime.internal.adaptor.EclipseStorageHook.getGeneratedManifest0(EclipseStorageHook.java:423)
	at org.eclipse.core.runtime.internal.adaptor.EclipseStorageHook.getGeneratedManifest(EclipseStorageHook.java:393)
	at org.eclipse.core.runtime.internal.adaptor.EclipseStorageHook.createCachedManifest(EclipseStorageHook.java:388)
	at org.eclipse.core.runtime.internal.adaptor.CachedManifest.getManifest(CachedManifest.java:42)
	at org.eclipse.core.runtime.internal.adaptor.CachedManifest.keys(CachedManifest.java:71)
	at org.eclipse.osgi.framework.internal.core.ManifestLocalization.getHeaders(ManifestLocalization.java:57)
	at org.eclipse.osgi.framework.internal.core.AbstractBundle.getHeaders(AbstractBundle.java:954)
	at org.eclipse.osgi.framework.internal.core.AbstractBundle.getHeaders(AbstractBundle.java:901)
	at org.springframework.osgi.extender.internal.util.ConfigUtils.matchExtenderVersionRange(ConfigUtils.java:119)
	at org.springframework.osgi.extender.internal.ContextLoaderListener.handlerBundleMatchesExtenderVersion(ContextLoaderListener.java:562)
	at org.springframework.osgi.extender.internal.ContextLoaderListener.maybeAddNamespaceHandlerFor(ContextLoaderListener.java:575)
	at org.springframework.osgi.extender.internal.ContextLoaderListener.start(ContextLoaderListener.java:356)
	at org.eclipse.osgi.framework.internal.core.BundleContextImpl$1.run(BundleContextImpl.java:783)
	at java.security.AccessController.doPrivileged(Native Method)
	at org.eclipse.osgi.framework.internal.core.BundleContextImpl.startActivator(BundleContextImpl.java:774)
	at org.eclipse.osgi.framework.internal.core.BundleContextImpl.start(BundleContextImpl.java:755)
	at org.eclipse.osgi.framework.internal.core.BundleHost.startWorker(BundleHost.java:370)
	at org.eclipse.osgi.framework.internal.core.AbstractBundle.resume(AbstractBundle.java:374)
	at org.eclipse.osgi.framework.internal.core.Framework.resumeBundle(Framework.java:1067)
	at org.eclipse.osgi.framework.internal.core.StartLevelManager.resumeBundles(StartLevelManager.java:561)
	at org.eclipse.osgi.framework.internal.core.StartLevelManager.resumeBundles(StartLevelManager.java:546)
	at org.eclipse.osgi.framework.internal.core.StartLevelManager.incFWSL(StartLevelManager.java:459)
	at org.eclipse.osgi.framework.internal.core.StartLevelManager.doSetStartLevel(StartLevelManager.java:243)
	at org.eclipse.osgi.framework.internal.core.StartLevelManager.dispatchEvent(StartLevelManager.java:440)
	at org.eclipse.osgi.framework.eventmgr.EventManager.dispatchEvent(EventManager.java:227)
	at org.eclipse.osgi.framework.eventmgr.EventManager$EventThread.run(EventManager.java:337)
Caused by: org.eclipse.osgi.service.pluginconversion.PluginConversionException: Could not find a META-INF/MANIFEST.MF, plugin.xml or a fragment.xml in /Users/kirk/development/apps/poma/publishedinterface/enforcedwithosgi/equinox/configuration/org.eclipse.osgi/bundles/50/2/bundlefile.
	at org.eclipse.core.runtime.internal.adaptor.PluginConverterImpl.fillPluginInfo(PluginConverterImpl.java:110)
	at org.eclipse.core.runtime.internal.adaptor.PluginConverterImpl.convertManifest(PluginConverterImpl.java:711)
	at org.eclipse.core.runtime.internal.adaptor.EclipseStorageHook.generateManifest(EclipseStorageHook.java:443)
	... 26 more
Caused by: java.util.zip.ZipException: error in opening zip file
	at java.util.zip.ZipFile.open(Native Method)
	at java.util.zip.ZipFile.<init>(ZipFile.java:114)
	at java.util.zip.ZipFile.<init>(ZipFile.java:131)
	at org.eclipse.core.runtime.internal.adaptor.PluginConverterImpl.findPluginManifest(PluginConverterImpl.java:179)
	at org.eclipse.core.runtime.internal.adaptor.PluginConverterImpl.fillPluginInfo(PluginConverterImpl.java:108)
	... 28 more
Root exception:
org.eclipse.osgi.service.pluginconversion.PluginConversionException: Could not find a META-INF/MANIFEST.MF, plugin.xml or a fragment.xml in /Users/kirk/development/apps/poma/publishedinterface/enforcedwithosgi/equinox/configuration/org.eclipse.osgi/bundles/50/2/bundlefile.
	at org.eclipse.core.runtime.internal.adaptor.PluginConverterImpl.fillPluginInfo(PluginConverterImpl.java:110)
	at org.eclipse.core.runtime.internal.adaptor.PluginConverterImpl.convertManifest(PluginConverterImpl.java:711)
	at org.eclipse.core.runtime.internal.adaptor.EclipseStorageHook.generateManifest(EclipseStorageHook.java:443)
	at org.eclipse.core.runtime.internal.adaptor.EclipseStorageHook.getGeneratedManifest0(EclipseStorageHook.java:423)
	at org.eclipse.core.runtime.internal.adaptor.EclipseStorageHook.getGeneratedManifest(EclipseStorageHook.java:393)
	at org.eclipse.core.runtime.internal.adaptor.EclipseStorageHook.createCachedManifest(EclipseStorageHook.java:388)
	at org.eclipse.core.runtime.internal.adaptor.CachedManifest.getManifest(CachedManifest.java:42)
	at org.eclipse.core.runtime.internal.adaptor.CachedManifest.keys(CachedManifest.java:71)
	at org.eclipse.osgi.framework.internal.core.ManifestLocalization.getHeaders(ManifestLocalization.java:57)
	at org.eclipse.osgi.framework.internal.core.AbstractBundle.getHeaders(AbstractBundle.java:954)
	at org.eclipse.osgi.framework.internal.core.AbstractBundle.getHeaders(AbstractBundle.java:901)
	at org.springframework.osgi.extender.internal.util.ConfigUtils.matchExtenderVersionRange(ConfigUtils.java:119)
	at org.springframework.osgi.extender.internal.ContextLoaderListener.handlerBundleMatchesExtenderVersion(ContextLoaderListener.java:562)
	at org.springframework.osgi.extender.internal.ContextLoaderListener.maybeAddNamespaceHandlerFor(ContextLoaderListener.java:575)
	at org.springframework.osgi.extender.internal.ContextLoaderListener.start(ContextLoaderListener.java:356)
	at org.eclipse.osgi.framework.internal.core.BundleContextImpl$1.run(BundleContextImpl.java:783)
	at java.security.AccessController.doPrivileged(Native Method)
	at org.eclipse.osgi.framework.internal.core.BundleContextImpl.startActivator(BundleContextImpl.java:774)
	at org.eclipse.osgi.framework.internal.core.BundleContextImpl.start(BundleContextImpl.java:755)
	at org.eclipse.osgi.framework.internal.core.BundleHost.startWorker(BundleHost.java:370)
	at org.eclipse.osgi.framework.internal.core.AbstractBundle.resume(AbstractBundle.java:374)
	at org.eclipse.osgi.framework.internal.core.Framework.resumeBundle(Framework.java:1067)
	at org.eclipse.osgi.framework.internal.core.StartLevelManager.resumeBundles(StartLevelManager.java:561)
	at org.eclipse.osgi.framework.internal.core.StartLevelManager.resumeBundles(StartLevelManager.java:546)
	at org.eclipse.osgi.framework.internal.core.StartLevelManager.incFWSL(StartLevelManager.java:459)
	at org.eclipse.osgi.framework.internal.core.StartLevelManager.doSetStartLevel(StartLevelManager.java:243)
	at org.eclipse.osgi.framework.internal.core.StartLevelManager.dispatchEvent(StartLevelManager.java:440)
	at org.eclipse.osgi.framework.eventmgr.EventManager.dispatchEvent(EventManager.java:227)
	at org.eclipse.osgi.framework.eventmgr.EventManager$EventThread.run(EventManager.java:337)
Caused by: java.util.zip.ZipException: error in opening zip file
	at java.util.zip.ZipFile.open(Native Method)
	at java.util.zip.ZipFile.<init>(ZipFile.java:114)
	at java.util.zip.ZipFile.<init>(ZipFile.java:131)
	at org.eclipse.core.runtime.internal.adaptor.PluginConverterImpl.findPluginManifest(PluginConverterImpl.java:179)
	at org.eclipse.core.runtime.internal.adaptor.PluginConverterImpl.fillPluginInfo(PluginConverterImpl.java:108)
	... 28 more

!ENTRY org.springframework.bundle.osgi.extender 4 0 2010-08-24 20:00:02.623
!MESSAGE 
!STACK 0
org.osgi.framework.BundleException: Exception in org.springframework.osgi.extender.internal.ContextLoaderListener.start() of bundle org.springframework.bundle.osgi.extender.
	at org.eclipse.osgi.framework.internal.core.BundleContextImpl.startActivator(BundleContextImpl.java:806)
	at org.eclipse.osgi.framework.internal.core.BundleContextImpl.start(BundleContextImpl.java:755)
	at org.eclipse.osgi.framework.internal.core.BundleHost.startWorker(BundleHost.java:370)
	at org.eclipse.osgi.framework.internal.core.AbstractBundle.resume(AbstractBundle.java:374)
	at org.eclipse.osgi.framework.internal.core.Framework.resumeBundle(Framework.java:1067)
	at org.eclipse.osgi.framework.internal.core.StartLevelManager.resumeBundles(StartLevelManager.java:561)
	at org.eclipse.osgi.framework.internal.core.StartLevelManager.resumeBundles(StartLevelManager.java:546)
	at org.eclipse.osgi.framework.internal.core.StartLevelManager.incFWSL(StartLevelManager.java:459)
	at org.eclipse.osgi.framework.internal.core.StartLevelManager.doSetStartLevel(StartLevelManager.java:243)
	at org.eclipse.osgi.framework.internal.core.StartLevelManager.dispatchEvent(StartLevelManager.java:440)
	at org.eclipse.osgi.framework.eventmgr.EventManager.dispatchEvent(EventManager.java:227)
	at org.eclipse.osgi.framework.eventmgr.EventManager$EventThread.run(EventManager.java:337)
Caused by: java.lang.NullPointerException
	at org.eclipse.core.runtime.internal.adaptor.CachedManifest.keys(CachedManifest.java:71)
	at org.eclipse.osgi.framework.internal.core.ManifestLocalization.getHeaders(ManifestLocalization.java:57)
	at org.eclipse.osgi.framework.internal.core.AbstractBundle.getHeaders(AbstractBundle.java:954)
	at org.eclipse.osgi.framework.internal.core.AbstractBundle.getHeaders(AbstractBundle.java:901)
	at org.springframework.osgi.extender.internal.util.ConfigUtils.matchExtenderVersionRange(ConfigUtils.java:119)
	at org.springframework.osgi.extender.internal.ContextLoaderListener.handlerBundleMatchesExtenderVersion(ContextLoaderListener.java:562)
	at org.springframework.osgi.extender.internal.ContextLoaderListener.maybeAddNamespaceHandlerFor(ContextLoaderListener.java:575)
	at org.springframework.osgi.extender.internal.ContextLoaderListener.start(ContextLoaderListener.java:356)
	at org.eclipse.osgi.framework.internal.core.BundleContextImpl$1.run(BundleContextImpl.java:783)
	at java.security.AccessController.doPrivileged(Native Method)
	at org.eclipse.osgi.framework.internal.core.BundleContextImpl.startActivator(BundleContextImpl.java:774)
	... 11 more
Root exception:
java.lang.NullPointerException
	at org.eclipse.core.runtime.internal.adaptor.CachedManifest.keys(CachedManifest.java:71)
	at org.eclipse.osgi.framework.internal.core.ManifestLocalization.getHeaders(ManifestLocalization.java:57)
	at org.eclipse.osgi.framework.internal.core.AbstractBundle.getHeaders(AbstractBundle.java:954)
	at org.eclipse.osgi.framework.internal.core.AbstractBundle.getHeaders(AbstractBundle.java:901)
	at org.springframework.osgi.extender.internal.util.ConfigUtils.matchExtenderVersionRange(ConfigUtils.java:119)
	at org.springframework.osgi.extender.internal.ContextLoaderListener.handlerBundleMatchesExtenderVersion(ContextLoaderListener.java:562)
	at org.springframework.osgi.extender.internal.ContextLoaderListener.maybeAddNamespaceHandlerFor(ContextLoaderListener.java:575)
	at org.springframework.osgi.extender.internal.ContextLoaderListener.start(ContextLoaderListener.java:356)
	at org.eclipse.osgi.framework.internal.core.BundleContextImpl$1.run(BundleContextImpl.java:783)
	at java.security.AccessController.doPrivileged(Native Method)
	at org.eclipse.osgi.framework.internal.core.BundleContextImpl.startActivator(BundleContextImpl.java:774)
	at org.eclipse.osgi.framework.internal.core.BundleContextImpl.start(BundleContextImpl.java:755)
	at org.eclipse.osgi.framework.internal.core.BundleHost.startWorker(BundleHost.java:370)
	at org.eclipse.osgi.framework.internal.core.AbstractBundle.resume(AbstractBundle.java:374)
	at org.eclipse.osgi.framework.internal.core.Framework.resumeBundle(Framework.java:1067)
	at org.eclipse.osgi.framework.internal.core.StartLevelManager.resumeBundles(StartLevelManager.java:561)
	at org.eclipse.osgi.framework.internal.core.StartLevelManager.resumeBundles(StartLevelManager.java:546)
	at org.eclipse.osgi.framework.internal.core.StartLevelManager.incFWSL(StartLevelManager.java:459)
	at org.eclipse.osgi.framework.internal.core.StartLevelManager.doSetStartLevel(StartLevelManager.java:243)
	at org.eclipse.osgi.framework.internal.core.StartLevelManager.dispatchEvent(StartLevelManager.java:440)
	at org.eclipse.osgi.framework.eventmgr.EventManager.dispatchEvent(EventManager.java:227)
	at org.eclipse.osgi.framework.eventmgr.EventManager$EventThread.run(EventManager.java:337)

!ENTRY org.eclipse.osgi 4 0 2010-08-24 20:00:02.679
!MESSAGE Application error
!STACK 1
java.lang.IllegalStateException: Unable to acquire application service. Ensure that the org.eclipse.core.runtime bundle is resolved and started (see config.ini).
	at org.eclipse.core.runtime.internal.adaptor.EclipseAppLauncher.start(EclipseAppLauncher.java:74)
	at org.eclipse.core.runtime.adaptor.EclipseStarter.run(EclipseStarter.java:369)
	at org.eclipse.core.runtime.adaptor.EclipseStarter.run(EclipseStarter.java:179)
	at org.eclipse.core.runtime.adaptor.EclipseStarter.main(EclipseStarter.java:150)

!ENTRY customerservice 4 0 2010-08-24 20:00:30.267
!MESSAGE 
!STACK 0
java.util.zip.ZipException: Exception in opening zip file: /Users/kirk/development/apps/poma/publishedinterface/enforcedwithosgi/equinox/configuration/org.eclipse.osgi/bundles/50/2/bundlefile
	at org.eclipse.osgi.framework.util.SecureAction.getZipFile(SecureAction.java:264)
	at org.eclipse.osgi.baseadaptor.bundlefile.ZipBundleFile.basicOpen(ZipBundleFile.java:88)
	at org.eclipse.osgi.baseadaptor.bundlefile.ZipBundleFile.getZipFile(ZipBundleFile.java:101)
	at org.eclipse.osgi.baseadaptor.bundlefile.ZipBundleFile.checkedOpen(ZipBundleFile.java:74)
	at org.eclipse.osgi.baseadaptor.bundlefile.ZipBundleFile.getEntry(ZipBundleFile.java:246)
	at org.eclipse.osgi.baseadaptor.BaseData.getEntry0(BaseData.java:111)
	at org.eclipse.osgi.baseadaptor.BaseData.getEntry(BaseData.java:102)
	at org.eclipse.osgi.internal.baseadaptor.AdaptorUtil.loadManifestFrom(AdaptorUtil.java:187)
	at org.eclipse.core.runtime.internal.adaptor.EclipseStorageHook.getGeneratedManifest0(EclipseStorageHook.java:406)
	at org.eclipse.core.runtime.internal.adaptor.EclipseStorageHook.getGeneratedManifest(EclipseStorageHook.java:393)
	at org.eclipse.core.runtime.internal.adaptor.EclipseStorageHook.createCachedManifest(EclipseStorageHook.java:388)
	at org.eclipse.core.runtime.internal.adaptor.CachedManifest.getManifest(CachedManifest.java:42)
	at org.eclipse.core.runtime.internal.adaptor.CachedManifest.get(CachedManifest.java:142)
	at org.eclipse.osgi.framework.internal.core.ManifestLocalization.getResourceBundle(ManifestLocalization.java:95)
	at org.eclipse.osgi.framework.internal.core.ManifestLocalization.getHeaders(ManifestLocalization.java:53)
	at org.eclipse.osgi.framework.internal.core.AbstractBundle.getHeaders(AbstractBundle.java:954)
	at org.eclipse.osgi.framework.internal.core.AbstractBundle.getHeaders(AbstractBundle.java:901)
	at org.eclipse.osgi.framework.internal.core.AbstractBundle.uninstallWorkerPrivileged(AbstractBundle.java:823)
	at org.eclipse.osgi.framework.internal.core.AbstractBundle$4.run(AbstractBundle.java:770)
	at java.security.AccessController.doPrivileged(Native Method)
	at org.eclipse.osgi.framework.internal.core.AbstractBundle.uninstallWorker(AbstractBundle.java:794)
	at org.eclipse.osgi.framework.internal.core.AbstractBundle.uninstall(AbstractBundle.java:768)
	at org.eclipse.osgi.framework.internal.core.FrameworkCommandProvider._uninstall(FrameworkCommandProvider.java:412)
	at sun.reflect.NativeMethodAccessorImpl.invoke0(Native Method)
	at sun.reflect.NativeMethodAccessorImpl.invoke(NativeMethodAccessorImpl.java:39)
	at sun.reflect.DelegatingMethodAccessorImpl.invoke(DelegatingMethodAccessorImpl.java:25)
	at java.lang.reflect.Method.invoke(Method.java:597)
	at org.eclipse.osgi.framework.internal.core.FrameworkCommandInterpreter.execute(FrameworkCommandInterpreter.java:155)
	at org.eclipse.osgi.framework.internal.core.FrameworkConsole.docommand(FrameworkConsole.java:156)
	at org.eclipse.osgi.framework.internal.core.FrameworkConsole.runConsole(FrameworkConsole.java:141)
	at org.eclipse.osgi.framework.internal.core.FrameworkConsole.run(FrameworkConsole.java:105)
	at java.lang.Thread.run(Thread.java:637)
Caused by: java.util.zip.ZipException: error in opening zip file
	at java.util.zip.ZipFile.open(Native Method)
	at java.util.zip.ZipFile.<init>(ZipFile.java:114)
	at java.util.zip.ZipFile.<init>(ZipFile.java:131)
	at org.eclipse.osgi.framework.util.SecureAction.getZipFile(SecureAction.java:251)
	... 31 more

!ENTRY org.eclipse.osgi 4 0 2010-08-24 20:00:30.268
!MESSAGE Unexpected exception occurred loading manifest for bundle at the location: file:../bin/customer.jar.
!STACK 0
org.osgi.framework.BundleException: Error converting plugin at /Users/kirk/development/apps/poma/publishedinterface/enforcedwithosgi/equinox/configuration/org.eclipse.osgi/bundles/50/2/bundlefile.
	at org.eclipse.core.runtime.internal.adaptor.EclipseStorageHook.generateManifest(EclipseStorageHook.java:446)
	at org.eclipse.core.runtime.internal.adaptor.EclipseStorageHook.getGeneratedManifest0(EclipseStorageHook.java:423)
	at org.eclipse.core.runtime.internal.adaptor.EclipseStorageHook.getGeneratedManifest(EclipseStorageHook.java:393)
	at org.eclipse.core.runtime.internal.adaptor.EclipseStorageHook.createCachedManifest(EclipseStorageHook.java:388)
	at org.eclipse.core.runtime.internal.adaptor.CachedManifest.getManifest(CachedManifest.java:42)
	at org.eclipse.core.runtime.internal.adaptor.CachedManifest.get(CachedManifest.java:142)
	at org.eclipse.osgi.framework.internal.core.ManifestLocalization.getResourceBundle(ManifestLocalization.java:95)
	at org.eclipse.osgi.framework.internal.core.ManifestLocalization.getHeaders(ManifestLocalization.java:53)
	at org.eclipse.osgi.framework.internal.core.AbstractBundle.getHeaders(AbstractBundle.java:954)
	at org.eclipse.osgi.framework.internal.core.AbstractBundle.getHeaders(AbstractBundle.java:901)
	at org.eclipse.osgi.framework.internal.core.AbstractBundle.uninstallWorkerPrivileged(AbstractBundle.java:823)
	at org.eclipse.osgi.framework.internal.core.AbstractBundle$4.run(AbstractBundle.java:770)
	at java.security.AccessController.doPrivileged(Native Method)
	at org.eclipse.osgi.framework.internal.core.AbstractBundle.uninstallWorker(AbstractBundle.java:794)
	at org.eclipse.osgi.framework.internal.core.AbstractBundle.uninstall(AbstractBundle.java:768)
	at org.eclipse.osgi.framework.internal.core.FrameworkCommandProvider._uninstall(FrameworkCommandProvider.java:412)
	at sun.reflect.NativeMethodAccessorImpl.invoke0(Native Method)
	at sun.reflect.NativeMethodAccessorImpl.invoke(NativeMethodAccessorImpl.java:39)
	at sun.reflect.DelegatingMethodAccessorImpl.invoke(DelegatingMethodAccessorImpl.java:25)
	at java.lang.reflect.Method.invoke(Method.java:597)
	at org.eclipse.osgi.framework.internal.core.FrameworkCommandInterpreter.execute(FrameworkCommandInterpreter.java:155)
	at org.eclipse.osgi.framework.internal.core.FrameworkConsole.docommand(FrameworkConsole.java:156)
	at org.eclipse.osgi.framework.internal.core.FrameworkConsole.runConsole(FrameworkConsole.java:141)
	at org.eclipse.osgi.framework.internal.core.FrameworkConsole.run(FrameworkConsole.java:105)
	at java.lang.Thread.run(Thread.java:637)
Caused by: org.eclipse.osgi.service.pluginconversion.PluginConversionException: Could not find a META-INF/MANIFEST.MF, plugin.xml or a fragment.xml in /Users/kirk/development/apps/poma/publishedinterface/enforcedwithosgi/equinox/configuration/org.eclipse.osgi/bundles/50/2/bundlefile.
	at org.eclipse.core.runtime.internal.adaptor.PluginConverterImpl.fillPluginInfo(PluginConverterImpl.java:110)
	at org.eclipse.core.runtime.internal.adaptor.PluginConverterImpl.convertManifest(PluginConverterImpl.java:711)
	at org.eclipse.core.runtime.internal.adaptor.EclipseStorageHook.generateManifest(EclipseStorageHook.java:443)
	... 24 more
Caused by: java.util.zip.ZipException: error in opening zip file
	at java.util.zip.ZipFile.open(Native Method)
	at java.util.zip.ZipFile.<init>(ZipFile.java:114)
	at java.util.zip.ZipFile.<init>(ZipFile.java:131)
	at org.eclipse.core.runtime.internal.adaptor.PluginConverterImpl.findPluginManifest(PluginConverterImpl.java:179)
	at org.eclipse.core.runtime.internal.adaptor.PluginConverterImpl.fillPluginInfo(PluginConverterImpl.java:108)
	... 26 more
Root exception:
org.eclipse.osgi.service.pluginconversion.PluginConversionException: Could not find a META-INF/MANIFEST.MF, plugin.xml or a fragment.xml in /Users/kirk/development/apps/poma/publishedinterface/enforcedwithosgi/equinox/configuration/org.eclipse.osgi/bundles/50/2/bundlefile.
	at org.eclipse.core.runtime.internal.adaptor.PluginConverterImpl.fillPluginInfo(PluginConverterImpl.java:110)
	at org.eclipse.core.runtime.internal.adaptor.PluginConverterImpl.convertManifest(PluginConverterImpl.java:711)
	at org.eclipse.core.runtime.internal.adaptor.EclipseStorageHook.generateManifest(EclipseStorageHook.java:443)
	at org.eclipse.core.runtime.internal.adaptor.EclipseStorageHook.getGeneratedManifest0(EclipseStorageHook.java:423)
	at org.eclipse.core.runtime.internal.adaptor.EclipseStorageHook.getGeneratedManifest(EclipseStorageHook.java:393)
	at org.eclipse.core.runtime.internal.adaptor.EclipseStorageHook.createCachedManifest(EclipseStorageHook.java:388)
	at org.eclipse.core.runtime.internal.adaptor.CachedManifest.getManifest(CachedManifest.java:42)
	at org.eclipse.core.runtime.internal.adaptor.CachedManifest.get(CachedManifest.java:142)
	at org.eclipse.osgi.framework.internal.core.ManifestLocalization.getResourceBundle(ManifestLocalization.java:95)
	at org.eclipse.osgi.framework.internal.core.ManifestLocalization.getHeaders(ManifestLocalization.java:53)
	at org.eclipse.osgi.framework.internal.core.AbstractBundle.getHeaders(AbstractBundle.java:954)
	at org.eclipse.osgi.framework.internal.core.AbstractBundle.getHeaders(AbstractBundle.java:901)
	at org.eclipse.osgi.framework.internal.core.AbstractBundle.uninstallWorkerPrivileged(AbstractBundle.java:823)
	at org.eclipse.osgi.framework.internal.core.AbstractBundle$4.run(AbstractBundle.java:770)
	at java.security.AccessController.doPrivileged(Native Method)
	at org.eclipse.osgi.framework.internal.core.AbstractBundle.uninstallWorker(AbstractBundle.java:794)
	at org.eclipse.osgi.framework.internal.core.AbstractBundle.uninstall(AbstractBundle.java:768)
	at org.eclipse.osgi.framework.internal.core.FrameworkCommandProvider._uninstall(FrameworkCommandProvider.java:412)
	at sun.reflect.NativeMethodAccessorImpl.invoke0(Native Method)
	at sun.reflect.NativeMethodAccessorImpl.invoke(NativeMethodAccessorImpl.java:39)
	at sun.reflect.DelegatingMethodAccessorImpl.invoke(DelegatingMethodAccessorImpl.java:25)
	at java.lang.reflect.Method.invoke(Method.java:597)
	at org.eclipse.osgi.framework.internal.core.FrameworkCommandInterpreter.execute(FrameworkCommandInterpreter.java:155)
	at org.eclipse.osgi.framework.internal.core.FrameworkConsole.docommand(FrameworkConsole.java:156)
	at org.eclipse.osgi.framework.internal.core.FrameworkConsole.runConsole(FrameworkConsole.java:141)
	at org.eclipse.osgi.framework.internal.core.FrameworkConsole.run(FrameworkConsole.java:105)
	at java.lang.Thread.run(Thread.java:637)
Caused by: java.util.zip.ZipException: error in opening zip file
	at java.util.zip.ZipFile.open(Native Method)
	at java.util.zip.ZipFile.<init>(ZipFile.java:114)
	at java.util.zip.ZipFile.<init>(ZipFile.java:131)
	at org.eclipse.core.runtime.internal.adaptor.PluginConverterImpl.findPluginManifest(PluginConverterImpl.java:179)
	at org.eclipse.core.runtime.internal.adaptor.PluginConverterImpl.fillPluginInfo(PluginConverterImpl.java:108)
	... 26 more

!ENTRY customerservice 4 0 2010-08-24 20:00:30.269
!MESSAGE 
!STACK 0
java.util.zip.ZipException: Exception in opening zip file: /Users/kirk/development/apps/poma/publishedinterface/enforcedwithosgi/equinox/configuration/org.eclipse.osgi/bundles/50/2/bundlefile
	at org.eclipse.osgi.framework.util.SecureAction.getZipFile(SecureAction.java:264)
	at org.eclipse.osgi.baseadaptor.bundlefile.ZipBundleFile.basicOpen(ZipBundleFile.java:88)
	at org.eclipse.osgi.baseadaptor.bundlefile.ZipBundleFile.getZipFile(ZipBundleFile.java:101)
	at org.eclipse.osgi.baseadaptor.bundlefile.ZipBundleFile.checkedOpen(ZipBundleFile.java:74)
	at org.eclipse.osgi.baseadaptor.bundlefile.ZipBundleFile.getEntry(ZipBundleFile.java:246)
	at org.eclipse.osgi.baseadaptor.BaseData.getEntry0(BaseData.java:111)
	at org.eclipse.osgi.baseadaptor.BaseData.getEntry(BaseData.java:102)
	at org.eclipse.osgi.internal.baseadaptor.AdaptorUtil.loadManifestFrom(AdaptorUtil.java:187)
	at org.eclipse.core.runtime.internal.adaptor.EclipseStorageHook.getGeneratedManifest0(EclipseStorageHook.java:406)
	at org.eclipse.core.runtime.internal.adaptor.EclipseStorageHook.getGeneratedManifest(EclipseStorageHook.java:393)
	at org.eclipse.core.runtime.internal.adaptor.EclipseStorageHook.createCachedManifest(EclipseStorageHook.java:388)
	at org.eclipse.core.runtime.internal.adaptor.CachedManifest.getManifest(CachedManifest.java:42)
	at org.eclipse.core.runtime.internal.adaptor.CachedManifest.keys(CachedManifest.java:71)
	at org.eclipse.osgi.framework.internal.core.ManifestLocalization.getHeaders(ManifestLocalization.java:57)
	at org.eclipse.osgi.framework.internal.core.AbstractBundle.getHeaders(AbstractBundle.java:954)
	at org.eclipse.osgi.framework.internal.core.AbstractBundle.getHeaders(AbstractBundle.java:901)
	at org.eclipse.osgi.framework.internal.core.AbstractBundle.uninstallWorkerPrivileged(AbstractBundle.java:823)
	at org.eclipse.osgi.framework.internal.core.AbstractBundle$4.run(AbstractBundle.java:770)
	at java.security.AccessController.doPrivileged(Native Method)
	at org.eclipse.osgi.framework.internal.core.AbstractBundle.uninstallWorker(AbstractBundle.java:794)
	at org.eclipse.osgi.framework.internal.core.AbstractBundle.uninstall(AbstractBundle.java:768)
	at org.eclipse.osgi.framework.internal.core.FrameworkCommandProvider._uninstall(FrameworkCommandProvider.java:412)
	at sun.reflect.NativeMethodAccessorImpl.invoke0(Native Method)
	at sun.reflect.NativeMethodAccessorImpl.invoke(NativeMethodAccessorImpl.java:39)
	at sun.reflect.DelegatingMethodAccessorImpl.invoke(DelegatingMethodAccessorImpl.java:25)
	at java.lang.reflect.Method.invoke(Method.java:597)
	at org.eclipse.osgi.framework.internal.core.FrameworkCommandInterpreter.execute(FrameworkCommandInterpreter.java:155)
	at org.eclipse.osgi.framework.internal.core.FrameworkConsole.docommand(FrameworkConsole.java:156)
	at org.eclipse.osgi.framework.internal.core.FrameworkConsole.runConsole(FrameworkConsole.java:141)
	at org.eclipse.osgi.framework.internal.core.FrameworkConsole.run(FrameworkConsole.java:105)
	at java.lang.Thread.run(Thread.java:637)
Caused by: java.util.zip.ZipException: error in opening zip file
	at java.util.zip.ZipFile.open(Native Method)
	at java.util.zip.ZipFile.<init>(ZipFile.java:114)
	at java.util.zip.ZipFile.<init>(ZipFile.java:131)
	at org.eclipse.osgi.framework.util.SecureAction.getZipFile(SecureAction.java:251)
	... 30 more

!ENTRY org.eclipse.osgi 4 0 2010-08-24 20:00:30.270
!MESSAGE Unexpected exception occurred loading manifest for bundle at the location: file:../bin/customer.jar.
!STACK 0
org.osgi.framework.BundleException: Error converting plugin at /Users/kirk/development/apps/poma/publishedinterface/enforcedwithosgi/equinox/configuration/org.eclipse.osgi/bundles/50/2/bundlefile.
	at org.eclipse.core.runtime.internal.adaptor.EclipseStorageHook.generateManifest(EclipseStorageHook.java:446)
	at org.eclipse.core.runtime.internal.adaptor.EclipseStorageHook.getGeneratedManifest0(EclipseStorageHook.java:423)
	at org.eclipse.core.runtime.internal.adaptor.EclipseStorageHook.getGeneratedManifest(EclipseStorageHook.java:393)
	at org.eclipse.core.runtime.internal.adaptor.EclipseStorageHook.createCachedManifest(EclipseStorageHook.java:388)
	at org.eclipse.core.runtime.internal.adaptor.CachedManifest.getManifest(CachedManifest.java:42)
	at org.eclipse.core.runtime.internal.adaptor.CachedManifest.keys(CachedManifest.java:71)
	at org.eclipse.osgi.framework.internal.core.ManifestLocalization.getHeaders(ManifestLocalization.java:57)
	at org.eclipse.osgi.framework.internal.core.AbstractBundle.getHeaders(AbstractBundle.java:954)
	at org.eclipse.osgi.framework.internal.core.AbstractBundle.getHeaders(AbstractBundle.java:901)
	at org.eclipse.osgi.framework.internal.core.AbstractBundle.uninstallWorkerPrivileged(AbstractBundle.java:823)
	at org.eclipse.osgi.framework.internal.core.AbstractBundle$4.run(AbstractBundle.java:770)
	at java.security.AccessController.doPrivileged(Native Method)
	at org.eclipse.osgi.framework.internal.core.AbstractBundle.uninstallWorker(AbstractBundle.java:794)
	at org.eclipse.osgi.framework.internal.core.AbstractBundle.uninstall(AbstractBundle.java:768)
	at org.eclipse.osgi.framework.internal.core.FrameworkCommandProvider._uninstall(FrameworkCommandProvider.java:412)
	at sun.reflect.NativeMethodAccessorImpl.invoke0(Native Method)
	at sun.reflect.NativeMethodAccessorImpl.invoke(NativeMethodAccessorImpl.java:39)
	at sun.reflect.DelegatingMethodAccessorImpl.invoke(DelegatingMethodAccessorImpl.java:25)
	at java.lang.reflect.Method.invoke(Method.java:597)
	at org.eclipse.osgi.framework.internal.core.FrameworkCommandInterpreter.execute(FrameworkCommandInterpreter.java:155)
	at org.eclipse.osgi.framework.internal.core.FrameworkConsole.docommand(FrameworkConsole.java:156)
	at org.eclipse.osgi.framework.internal.core.FrameworkConsole.runConsole(FrameworkConsole.java:141)
	at org.eclipse.osgi.framework.internal.core.FrameworkConsole.run(FrameworkConsole.java:105)
	at java.lang.Thread.run(Thread.java:637)
Caused by: org.eclipse.osgi.service.pluginconversion.PluginConversionException: Could not find a META-INF/MANIFEST.MF, plugin.xml or a fragment.xml in /Users/kirk/development/apps/poma/publishedinterface/enforcedwithosgi/equinox/configuration/org.eclipse.osgi/bundles/50/2/bundlefile.
	at org.eclipse.core.runtime.internal.adaptor.PluginConverterImpl.fillPluginInfo(PluginConverterImpl.java:110)
	at org.eclipse.core.runtime.internal.adaptor.PluginConverterImpl.convertManifest(PluginConverterImpl.java:711)
	at org.eclipse.core.runtime.internal.adaptor.EclipseStorageHook.generateManifest(EclipseStorageHook.java:443)
	... 23 more
Caused by: java.util.zip.ZipException: error in opening zip file
	at java.util.zip.ZipFile.open(Native Method)
	at java.util.zip.ZipFile.<init>(ZipFile.java:114)
	at java.util.zip.ZipFile.<init>(ZipFile.java:131)
	at org.eclipse.core.runtime.internal.adaptor.PluginConverterImpl.findPluginManifest(PluginConverterImpl.java:179)
	at org.eclipse.core.runtime.internal.adaptor.PluginConverterImpl.fillPluginInfo(PluginConverterImpl.java:108)
	... 25 more
Root exception:
org.eclipse.osgi.service.pluginconversion.PluginConversionException: Could not find a META-INF/MANIFEST.MF, plugin.xml or a fragment.xml in /Users/kirk/development/apps/poma/publishedinterface/enforcedwithosgi/equinox/configuration/org.eclipse.osgi/bundles/50/2/bundlefile.
	at org.eclipse.core.runtime.internal.adaptor.PluginConverterImpl.fillPluginInfo(PluginConverterImpl.java:110)
	at org.eclipse.core.runtime.internal.adaptor.PluginConverterImpl.convertManifest(PluginConverterImpl.java:711)
	at org.eclipse.core.runtime.internal.adaptor.EclipseStorageHook.generateManifest(EclipseStorageHook.java:443)
	at org.eclipse.core.runtime.internal.adaptor.EclipseStorageHook.getGeneratedManifest0(EclipseStorageHook.java:423)
	at org.eclipse.core.runtime.internal.adaptor.EclipseStorageHook.getGeneratedManifest(EclipseStorageHook.java:393)
	at org.eclipse.core.runtime.internal.adaptor.EclipseStorageHook.createCachedManifest(EclipseStorageHook.java:388)
	at org.eclipse.core.runtime.internal.adaptor.CachedManifest.getManifest(CachedManifest.java:42)
	at org.eclipse.core.runtime.internal.adaptor.CachedManifest.keys(CachedManifest.java:71)
	at org.eclipse.osgi.framework.internal.core.ManifestLocalization.getHeaders(ManifestLocalization.java:57)
	at org.eclipse.osgi.framework.internal.core.AbstractBundle.getHeaders(AbstractBundle.java:954)
	at org.eclipse.osgi.framework.internal.core.AbstractBundle.getHeaders(AbstractBundle.java:901)
	at org.eclipse.osgi.framework.internal.core.AbstractBundle.uninstallWorkerPrivileged(AbstractBundle.java:823)
	at org.eclipse.osgi.framework.internal.core.AbstractBundle$4.run(AbstractBundle.java:770)
	at java.security.AccessController.doPrivileged(Native Method)
	at org.eclipse.osgi.framework.internal.core.AbstractBundle.uninstallWorker(AbstractBundle.java:794)
	at org.eclipse.osgi.framework.internal.core.AbstractBundle.uninstall(AbstractBundle.java:768)
	at org.eclipse.osgi.framework.internal.core.FrameworkCommandProvider._uninstall(FrameworkCommandProvider.java:412)
	at sun.reflect.NativeMethodAccessorImpl.invoke0(Native Method)
	at sun.reflect.NativeMethodAccessorImpl.invoke(NativeMethodAccessorImpl.java:39)
	at sun.reflect.DelegatingMethodAccessorImpl.invoke(DelegatingMethodAccessorImpl.java:25)
	at java.lang.reflect.Method.invoke(Method.java:597)
	at org.eclipse.osgi.framework.internal.core.FrameworkCommandInterpreter.execute(FrameworkCommandInterpreter.java:155)
	at org.eclipse.osgi.framework.internal.core.FrameworkConsole.docommand(FrameworkConsole.java:156)
	at org.eclipse.osgi.framework.internal.core.FrameworkConsole.runConsole(FrameworkConsole.java:141)
	at org.eclipse.osgi.framework.internal.core.FrameworkConsole.run(FrameworkConsole.java:105)
	at java.lang.Thread.run(Thread.java:637)
Caused by: java.util.zip.ZipException: error in opening zip file
	at java.util.zip.ZipFile.open(Native Method)
	at java.util.zip.ZipFile.<init>(ZipFile.java:114)
	at java.util.zip.ZipFile.<init>(ZipFile.java:131)
	at org.eclipse.core.runtime.internal.adaptor.PluginConverterImpl.findPluginManifest(PluginConverterImpl.java:179)
	at org.eclipse.core.runtime.internal.adaptor.PluginConverterImpl.fillPluginInfo(PluginConverterImpl.java:108)
	... 25 more

!ENTRY customerservice 4 0 2010-08-24 20:00:41.825
!MESSAGE 
!STACK 0
java.util.zip.ZipException: Exception in opening zip file: /Users/kirk/development/apps/poma/publishedinterface/enforcedwithosgi/equinox/configuration/org.eclipse.osgi/bundles/50/2/bundlefile
	at org.eclipse.osgi.framework.util.SecureAction.getZipFile(SecureAction.java:264)
	at org.eclipse.osgi.baseadaptor.bundlefile.ZipBundleFile.basicOpen(ZipBundleFile.java:88)
	at org.eclipse.osgi.baseadaptor.bundlefile.ZipBundleFile.getZipFile(ZipBundleFile.java:101)
	at org.eclipse.osgi.baseadaptor.bundlefile.ZipBundleFile.checkedOpen(ZipBundleFile.java:74)
	at org.eclipse.osgi.baseadaptor.bundlefile.ZipBundleFile.getEntry(ZipBundleFile.java:246)
	at org.eclipse.osgi.baseadaptor.BaseData.getEntry0(BaseData.java:111)
	at org.eclipse.osgi.baseadaptor.BaseData.getEntry(BaseData.java:102)
	at org.eclipse.osgi.internal.baseadaptor.AdaptorUtil.loadManifestFrom(AdaptorUtil.java:187)
	at org.eclipse.core.runtime.internal.adaptor.EclipseStorageHook.getGeneratedManifest0(EclipseStorageHook.java:406)
	at org.eclipse.core.runtime.internal.adaptor.EclipseStorageHook.getGeneratedManifest(EclipseStorageHook.java:393)
	at org.eclipse.core.runtime.internal.adaptor.EclipseStorageHook.createCachedManifest(EclipseStorageHook.java:388)
	at org.eclipse.core.runtime.internal.adaptor.CachedManifest.getManifest(CachedManifest.java:42)
	at org.eclipse.core.runtime.internal.adaptor.CachedManifest.get(CachedManifest.java:142)
	at org.eclipse.osgi.framework.internal.core.ManifestLocalization.getResourceBundle(ManifestLocalization.java:95)
	at org.eclipse.osgi.framework.internal.core.ManifestLocalization.getHeaders(ManifestLocalization.java:53)
	at org.eclipse.osgi.framework.internal.core.AbstractBundle.getHeaders(AbstractBundle.java:954)
	at org.eclipse.osgi.framework.internal.core.AbstractBundle.getHeaders(AbstractBundle.java:901)
	at org.eclipse.osgi.framework.internal.core.AbstractBundle.uninstallWorkerPrivileged(AbstractBundle.java:823)
	at org.eclipse.osgi.framework.internal.core.AbstractBundle$4.run(AbstractBundle.java:770)
	at java.security.AccessController.doPrivileged(Native Method)
	at org.eclipse.osgi.framework.internal.core.AbstractBundle.uninstallWorker(AbstractBundle.java:794)
	at org.eclipse.osgi.framework.internal.core.AbstractBundle.uninstall(AbstractBundle.java:768)
	at org.eclipse.osgi.framework.internal.core.FrameworkCommandProvider._uninstall(FrameworkCommandProvider.java:412)
	at sun.reflect.NativeMethodAccessorImpl.invoke0(Native Method)
	at sun.reflect.NativeMethodAccessorImpl.invoke(NativeMethodAccessorImpl.java:39)
	at sun.reflect.DelegatingMethodAccessorImpl.invoke(DelegatingMethodAccessorImpl.java:25)
	at java.lang.reflect.Method.invoke(Method.java:597)
	at org.eclipse.osgi.framework.internal.core.FrameworkCommandInterpreter.execute(FrameworkCommandInterpreter.java:155)
	at org.eclipse.osgi.framework.internal.core.FrameworkConsole.docommand(FrameworkConsole.java:156)
	at org.eclipse.osgi.framework.internal.core.FrameworkConsole.runConsole(FrameworkConsole.java:141)
	at org.eclipse.osgi.framework.internal.core.FrameworkConsole.run(FrameworkConsole.java:105)
	at java.lang.Thread.run(Thread.java:637)
Caused by: java.util.zip.ZipException: error in opening zip file
	at java.util.zip.ZipFile.open(Native Method)
	at java.util.zip.ZipFile.<init>(ZipFile.java:114)
	at java.util.zip.ZipFile.<init>(ZipFile.java:131)
	at org.eclipse.osgi.framework.util.SecureAction.getZipFile(SecureAction.java:251)
	... 31 more

!ENTRY org.eclipse.osgi 4 0 2010-08-24 20:00:41.827
!MESSAGE Unexpected exception occurred loading manifest for bundle at the location: file:../bin/customer.jar.
!STACK 0
org.osgi.framework.BundleException: Error converting plugin at /Users/kirk/development/apps/poma/publishedinterface/enforcedwithosgi/equinox/configuration/org.eclipse.osgi/bundles/50/2/bundlefile.
	at org.eclipse.core.runtime.internal.adaptor.EclipseStorageHook.generateManifest(EclipseStorageHook.java:446)
	at org.eclipse.core.runtime.internal.adaptor.EclipseStorageHook.getGeneratedManifest0(EclipseStorageHook.java:423)
	at org.eclipse.core.runtime.internal.adaptor.EclipseStorageHook.getGeneratedManifest(EclipseStorageHook.java:393)
	at org.eclipse.core.runtime.internal.adaptor.EclipseStorageHook.createCachedManifest(EclipseStorageHook.java:388)
	at org.eclipse.core.runtime.internal.adaptor.CachedManifest.getManifest(CachedManifest.java:42)
	at org.eclipse.core.runtime.internal.adaptor.CachedManifest.get(CachedManifest.java:142)
	at org.eclipse.osgi.framework.internal.core.ManifestLocalization.getResourceBundle(ManifestLocalization.java:95)
	at org.eclipse.osgi.framework.internal.core.ManifestLocalization.getHeaders(ManifestLocalization.java:53)
	at org.eclipse.osgi.framework.internal.core.AbstractBundle.getHeaders(AbstractBundle.java:954)
	at org.eclipse.osgi.framework.internal.core.AbstractBundle.getHeaders(AbstractBundle.java:901)
	at org.eclipse.osgi.framework.internal.core.AbstractBundle.uninstallWorkerPrivileged(AbstractBundle.java:823)
	at org.eclipse.osgi.framework.internal.core.AbstractBundle$4.run(AbstractBundle.java:770)
	at java.security.AccessController.doPrivileged(Native Method)
	at org.eclipse.osgi.framework.internal.core.AbstractBundle.uninstallWorker(AbstractBundle.java:794)
	at org.eclipse.osgi.framework.internal.core.AbstractBundle.uninstall(AbstractBundle.java:768)
	at org.eclipse.osgi.framework.internal.core.FrameworkCommandProvider._uninstall(FrameworkCommandProvider.java:412)
	at sun.reflect.NativeMethodAccessorImpl.invoke0(Native Method)
	at sun.reflect.NativeMethodAccessorImpl.invoke(NativeMethodAccessorImpl.java:39)
	at sun.reflect.DelegatingMethodAccessorImpl.invoke(DelegatingMethodAccessorImpl.java:25)
	at java.lang.reflect.Method.invoke(Method.java:597)
	at org.eclipse.osgi.framework.internal.core.FrameworkCommandInterpreter.execute(FrameworkCommandInterpreter.java:155)
	at org.eclipse.osgi.framework.internal.core.FrameworkConsole.docommand(FrameworkConsole.java:156)
	at org.eclipse.osgi.framework.internal.core.FrameworkConsole.runConsole(FrameworkConsole.java:141)
	at org.eclipse.osgi.framework.internal.core.FrameworkConsole.run(FrameworkConsole.java:105)
	at java.lang.Thread.run(Thread.java:637)
Caused by: org.eclipse.osgi.service.pluginconversion.PluginConversionException: Could not find a META-INF/MANIFEST.MF, plugin.xml or a fragment.xml in /Users/kirk/development/apps/poma/publishedinterface/enforcedwithosgi/equinox/configuration/org.eclipse.osgi/bundles/50/2/bundlefile.
	at org.eclipse.core.runtime.internal.adaptor.PluginConverterImpl.fillPluginInfo(PluginConverterImpl.java:110)
	at org.eclipse.core.runtime.internal.adaptor.PluginConverterImpl.convertManifest(PluginConverterImpl.java:711)
	at org.eclipse.core.runtime.internal.adaptor.EclipseStorageHook.generateManifest(EclipseStorageHook.java:443)
	... 24 more
Caused by: java.util.zip.ZipException: error in opening zip file
	at java.util.zip.ZipFile.open(Native Method)
	at java.util.zip.ZipFile.<init>(ZipFile.java:114)
	at java.util.zip.ZipFile.<init>(ZipFile.java:131)
	at org.eclipse.core.runtime.internal.adaptor.PluginConverterImpl.findPluginManifest(PluginConverterImpl.java:179)
	at org.eclipse.core.runtime.internal.adaptor.PluginConverterImpl.fillPluginInfo(PluginConverterImpl.java:108)
	... 26 more
Root exception:
org.eclipse.osgi.service.pluginconversion.PluginConversionException: Could not find a META-INF/MANIFEST.MF, plugin.xml or a fragment.xml in /Users/kirk/development/apps/poma/publishedinterface/enforcedwithosgi/equinox/configuration/org.eclipse.osgi/bundles/50/2/bundlefile.
	at org.eclipse.core.runtime.internal.adaptor.PluginConverterImpl.fillPluginInfo(PluginConverterImpl.java:110)
	at org.eclipse.core.runtime.internal.adaptor.PluginConverterImpl.convertManifest(PluginConverterImpl.java:711)
	at org.eclipse.core.runtime.internal.adaptor.EclipseStorageHook.generateManifest(EclipseStorageHook.java:443)
	at org.eclipse.core.runtime.internal.adaptor.EclipseStorageHook.getGeneratedManifest0(EclipseStorageHook.java:423)
	at org.eclipse.core.runtime.internal.adaptor.EclipseStorageHook.getGeneratedManifest(EclipseStorageHook.java:393)
	at org.eclipse.core.runtime.internal.adaptor.EclipseStorageHook.createCachedManifest(EclipseStorageHook.java:388)
	at org.eclipse.core.runtime.internal.adaptor.CachedManifest.getManifest(CachedManifest.java:42)
	at org.eclipse.core.runtime.internal.adaptor.CachedManifest.get(CachedManifest.java:142)
	at org.eclipse.osgi.framework.internal.core.ManifestLocalization.getResourceBundle(ManifestLocalization.java:95)
	at org.eclipse.osgi.framework.internal.core.ManifestLocalization.getHeaders(ManifestLocalization.java:53)
	at org.eclipse.osgi.framework.internal.core.AbstractBundle.getHeaders(AbstractBundle.java:954)
	at org.eclipse.osgi.framework.internal.core.AbstractBundle.getHeaders(AbstractBundle.java:901)
	at org.eclipse.osgi.framework.internal.core.AbstractBundle.uninstallWorkerPrivileged(AbstractBundle.java:823)
	at org.eclipse.osgi.framework.internal.core.AbstractBundle$4.run(AbstractBundle.java:770)
	at java.security.AccessController.doPrivileged(Native Method)
	at org.eclipse.osgi.framework.internal.core.AbstractBundle.uninstallWorker(AbstractBundle.java:794)
	at org.eclipse.osgi.framework.internal.core.AbstractBundle.uninstall(AbstractBundle.java:768)
	at org.eclipse.osgi.framework.internal.core.FrameworkCommandProvider._uninstall(FrameworkCommandProvider.java:412)
	at sun.reflect.NativeMethodAccessorImpl.invoke0(Native Method)
	at sun.reflect.NativeMethodAccessorImpl.invoke(NativeMethodAccessorImpl.java:39)
	at sun.reflect.DelegatingMethodAccessorImpl.invoke(DelegatingMethodAccessorImpl.java:25)
	at java.lang.reflect.Method.invoke(Method.java:597)
	at org.eclipse.osgi.framework.internal.core.FrameworkCommandInterpreter.execute(FrameworkCommandInterpreter.java:155)
	at org.eclipse.osgi.framework.internal.core.FrameworkConsole.docommand(FrameworkConsole.java:156)
	at org.eclipse.osgi.framework.internal.core.FrameworkConsole.runConsole(FrameworkConsole.java:141)
	at org.eclipse.osgi.framework.internal.core.FrameworkConsole.run(FrameworkConsole.java:105)
	at java.lang.Thread.run(Thread.java:637)
Caused by: java.util.zip.ZipException: error in opening zip file
	at java.util.zip.ZipFile.open(Native Method)
	at java.util.zip.ZipFile.<init>(ZipFile.java:114)
	at java.util.zip.ZipFile.<init>(ZipFile.java:131)
	at org.eclipse.core.runtime.internal.adaptor.PluginConverterImpl.findPluginManifest(PluginConverterImpl.java:179)
	at org.eclipse.core.runtime.internal.adaptor.PluginConverterImpl.fillPluginInfo(PluginConverterImpl.java:108)
	... 26 more

!ENTRY customerservice 4 0 2010-08-24 20:00:41.828
!MESSAGE 
!STACK 0
java.util.zip.ZipException: Exception in opening zip file: /Users/kirk/development/apps/poma/publishedinterface/enforcedwithosgi/equinox/configuration/org.eclipse.osgi/bundles/50/2/bundlefile
	at org.eclipse.osgi.framework.util.SecureAction.getZipFile(SecureAction.java:264)
	at org.eclipse.osgi.baseadaptor.bundlefile.ZipBundleFile.basicOpen(ZipBundleFile.java:88)
	at org.eclipse.osgi.baseadaptor.bundlefile.ZipBundleFile.getZipFile(ZipBundleFile.java:101)
	at org.eclipse.osgi.baseadaptor.bundlefile.ZipBundleFile.checkedOpen(ZipBundleFile.java:74)
	at org.eclipse.osgi.baseadaptor.bundlefile.ZipBundleFile.getEntry(ZipBundleFile.java:246)
	at org.eclipse.osgi.baseadaptor.BaseData.getEntry0(BaseData.java:111)
	at org.eclipse.osgi.baseadaptor.BaseData.getEntry(BaseData.java:102)
	at org.eclipse.osgi.internal.baseadaptor.AdaptorUtil.loadManifestFrom(AdaptorUtil.java:187)
	at org.eclipse.core.runtime.internal.adaptor.EclipseStorageHook.getGeneratedManifest0(EclipseStorageHook.java:406)
	at org.eclipse.core.runtime.internal.adaptor.EclipseStorageHook.getGeneratedManifest(EclipseStorageHook.java:393)
	at org.eclipse.core.runtime.internal.adaptor.EclipseStorageHook.createCachedManifest(EclipseStorageHook.java:388)
	at org.eclipse.core.runtime.internal.adaptor.CachedManifest.getManifest(CachedManifest.java:42)
	at org.eclipse.core.runtime.internal.adaptor.CachedManifest.keys(CachedManifest.java:71)
	at org.eclipse.osgi.framework.internal.core.ManifestLocalization.getHeaders(ManifestLocalization.java:57)
	at org.eclipse.osgi.framework.internal.core.AbstractBundle.getHeaders(AbstractBundle.java:954)
	at org.eclipse.osgi.framework.internal.core.AbstractBundle.getHeaders(AbstractBundle.java:901)
	at org.eclipse.osgi.framework.internal.core.AbstractBundle.uninstallWorkerPrivileged(AbstractBundle.java:823)
	at org.eclipse.osgi.framework.internal.core.AbstractBundle$4.run(AbstractBundle.java:770)
	at java.security.AccessController.doPrivileged(Native Method)
	at org.eclipse.osgi.framework.internal.core.AbstractBundle.uninstallWorker(AbstractBundle.java:794)
	at org.eclipse.osgi.framework.internal.core.AbstractBundle.uninstall(AbstractBundle.java:768)
	at org.eclipse.osgi.framework.internal.core.FrameworkCommandProvider._uninstall(FrameworkCommandProvider.java:412)
	at sun.reflect.NativeMethodAccessorImpl.invoke0(Native Method)
	at sun.reflect.NativeMethodAccessorImpl.invoke(NativeMethodAccessorImpl.java:39)
	at sun.reflect.DelegatingMethodAccessorImpl.invoke(DelegatingMethodAccessorImpl.java:25)
	at java.lang.reflect.Method.invoke(Method.java:597)
	at org.eclipse.osgi.framework.internal.core.FrameworkCommandInterpreter.execute(FrameworkCommandInterpreter.java:155)
	at org.eclipse.osgi.framework.internal.core.FrameworkConsole.docommand(FrameworkConsole.java:156)
	at org.eclipse.osgi.framework.internal.core.FrameworkConsole.runConsole(FrameworkConsole.java:141)
	at org.eclipse.osgi.framework.internal.core.FrameworkConsole.run(FrameworkConsole.java:105)
	at java.lang.Thread.run(Thread.java:637)
Caused by: java.util.zip.ZipException: error in opening zip file
	at java.util.zip.ZipFile.open(Native Method)
	at java.util.zip.ZipFile.<init>(ZipFile.java:114)
	at java.util.zip.ZipFile.<init>(ZipFile.java:131)
	at org.eclipse.osgi.framework.util.SecureAction.getZipFile(SecureAction.java:251)
	... 30 more

!ENTRY org.eclipse.osgi 4 0 2010-08-24 20:00:41.829
!MESSAGE Unexpected exception occurred loading manifest for bundle at the location: file:../bin/customer.jar.
!STACK 0
org.osgi.framework.BundleException: Error converting plugin at /Users/kirk/development/apps/poma/publishedinterface/enforcedwithosgi/equinox/configuration/org.eclipse.osgi/bundles/50/2/bundlefile.
	at org.eclipse.core.runtime.internal.adaptor.EclipseStorageHook.generateManifest(EclipseStorageHook.java:446)
	at org.eclipse.core.runtime.internal.adaptor.EclipseStorageHook.getGeneratedManifest0(EclipseStorageHook.java:423)
	at org.eclipse.core.runtime.internal.adaptor.EclipseStorageHook.getGeneratedManifest(EclipseStorageHook.java:393)
	at org.eclipse.core.runtime.internal.adaptor.EclipseStorageHook.createCachedManifest(EclipseStorageHook.java:388)
	at org.eclipse.core.runtime.internal.adaptor.CachedManifest.getManifest(CachedManifest.java:42)
	at org.eclipse.core.runtime.internal.adaptor.CachedManifest.keys(CachedManifest.java:71)
	at org.eclipse.osgi.framework.internal.core.ManifestLocalization.getHeaders(ManifestLocalization.java:57)
	at org.eclipse.osgi.framework.internal.core.AbstractBundle.getHeaders(AbstractBundle.java:954)
	at org.eclipse.osgi.framework.internal.core.AbstractBundle.getHeaders(AbstractBundle.java:901)
	at org.eclipse.osgi.framework.internal.core.AbstractBundle.uninstallWorkerPrivileged(AbstractBundle.java:823)
	at org.eclipse.osgi.framework.internal.core.AbstractBundle$4.run(AbstractBundle.java:770)
	at java.security.AccessController.doPrivileged(Native Method)
	at org.eclipse.osgi.framework.internal.core.AbstractBundle.uninstallWorker(AbstractBundle.java:794)
	at org.eclipse.osgi.framework.internal.core.AbstractBundle.uninstall(AbstractBundle.java:768)
	at org.eclipse.osgi.framework.internal.core.FrameworkCommandProvider._uninstall(FrameworkCommandProvider.java:412)
	at sun.reflect.NativeMethodAccessorImpl.invoke0(Native Method)
	at sun.reflect.NativeMethodAccessorImpl.invoke(NativeMethodAccessorImpl.java:39)
	at sun.reflect.DelegatingMethodAccessorImpl.invoke(DelegatingMethodAccessorImpl.java:25)
	at java.lang.reflect.Method.invoke(Method.java:597)
	at org.eclipse.osgi.framework.internal.core.FrameworkCommandInterpreter.execute(FrameworkCommandInterpreter.java:155)
	at org.eclipse.osgi.framework.internal.core.FrameworkConsole.docommand(FrameworkConsole.java:156)
	at org.eclipse.osgi.framework.internal.core.FrameworkConsole.runConsole(FrameworkConsole.java:141)
	at org.eclipse.osgi.framework.internal.core.FrameworkConsole.run(FrameworkConsole.java:105)
	at java.lang.Thread.run(Thread.java:637)
Caused by: org.eclipse.osgi.service.pluginconversion.PluginConversionException: Could not find a META-INF/MANIFEST.MF, plugin.xml or a fragment.xml in /Users/kirk/development/apps/poma/publishedinterface/enforcedwithosgi/equinox/configuration/org.eclipse.osgi/bundles/50/2/bundlefile.
	at org.eclipse.core.runtime.internal.adaptor.PluginConverterImpl.fillPluginInfo(PluginConverterImpl.java:110)
	at org.eclipse.core.runtime.internal.adaptor.PluginConverterImpl.convertManifest(PluginConverterImpl.java:711)
	at org.eclipse.core.runtime.internal.adaptor.EclipseStorageHook.generateManifest(EclipseStorageHook.java:443)
	... 23 more
Caused by: java.util.zip.ZipException: error in opening zip file
	at java.util.zip.ZipFile.open(Native Method)
	at java.util.zip.ZipFile.<init>(ZipFile.java:114)
	at java.util.zip.ZipFile.<init>(ZipFile.java:131)
	at org.eclipse.core.runtime.internal.adaptor.PluginConverterImpl.findPluginManifest(PluginConverterImpl.java:179)
	at org.eclipse.core.runtime.internal.adaptor.PluginConverterImpl.fillPluginInfo(PluginConverterImpl.java:108)
	... 25 more
Root exception:
org.eclipse.osgi.service.pluginconversion.PluginConversionException: Could not find a META-INF/MANIFEST.MF, plugin.xml or a fragment.xml in /Users/kirk/development/apps/poma/publishedinterface/enforcedwithosgi/equinox/configuration/org.eclipse.osgi/bundles/50/2/bundlefile.
	at org.eclipse.core.runtime.internal.adaptor.PluginConverterImpl.fillPluginInfo(PluginConverterImpl.java:110)
	at org.eclipse.core.runtime.internal.adaptor.PluginConverterImpl.convertManifest(PluginConverterImpl.java:711)
	at org.eclipse.core.runtime.internal.adaptor.EclipseStorageHook.generateManifest(EclipseStorageHook.java:443)
	at org.eclipse.core.runtime.internal.adaptor.EclipseStorageHook.getGeneratedManifest0(EclipseStorageHook.java:423)
	at org.eclipse.core.runtime.internal.adaptor.EclipseStorageHook.getGeneratedManifest(EclipseStorageHook.java:393)
	at org.eclipse.core.runtime.internal.adaptor.EclipseStorageHook.createCachedManifest(EclipseStorageHook.java:388)
	at org.eclipse.core.runtime.internal.adaptor.CachedManifest.getManifest(CachedManifest.java:42)
	at org.eclipse.core.runtime.internal.adaptor.CachedManifest.keys(CachedManifest.java:71)
	at org.eclipse.osgi.framework.internal.core.ManifestLocalization.getHeaders(ManifestLocalization.java:57)
	at org.eclipse.osgi.framework.internal.core.AbstractBundle.getHeaders(AbstractBundle.java:954)
	at org.eclipse.osgi.framework.internal.core.AbstractBundle.getHeaders(AbstractBundle.java:901)
	at org.eclipse.osgi.framework.internal.core.AbstractBundle.uninstallWorkerPrivileged(AbstractBundle.java:823)
	at org.eclipse.osgi.framework.internal.core.AbstractBundle$4.run(AbstractBundle.java:770)
	at java.security.AccessController.doPrivileged(Native Method)
	at org.eclipse.osgi.framework.internal.core.AbstractBundle.uninstallWorker(AbstractBundle.java:794)
	at org.eclipse.osgi.framework.internal.core.AbstractBundle.uninstall(AbstractBundle.java:768)
	at org.eclipse.osgi.framework.internal.core.FrameworkCommandProvider._uninstall(FrameworkCommandProvider.java:412)
	at sun.reflect.NativeMethodAccessorImpl.invoke0(Native Method)
	at sun.reflect.NativeMethodAccessorImpl.invoke(NativeMethodAccessorImpl.java:39)
	at sun.reflect.DelegatingMethodAccessorImpl.invoke(DelegatingMethodAccessorImpl.java:25)
	at java.lang.reflect.Method.invoke(Method.java:597)
	at org.eclipse.osgi.framework.internal.core.FrameworkCommandInterpreter.execute(FrameworkCommandInterpreter.java:155)
	at org.eclipse.osgi.framework.internal.core.FrameworkConsole.docommand(FrameworkConsole.java:156)
	at org.eclipse.osgi.framework.internal.core.FrameworkConsole.runConsole(FrameworkConsole.java:141)
	at org.eclipse.osgi.framework.internal.core.FrameworkConsole.run(FrameworkConsole.java:105)
	at java.lang.Thread.run(Thread.java:637)
Caused by: java.util.zip.ZipException: error in opening zip file
	at java.util.zip.ZipFile.open(Native Method)
	at java.util.zip.ZipFile.<init>(ZipFile.java:114)
	at java.util.zip.ZipFile.<init>(ZipFile.java:131)
	at org.eclipse.core.runtime.internal.adaptor.PluginConverterImpl.findPluginManifest(PluginConverterImpl.java:179)
	at org.eclipse.core.runtime.internal.adaptor.PluginConverterImpl.fillPluginInfo(PluginConverterImpl.java:108)
	... 25 more
